2025-05-07 17:42:10,360 INFO s.MemoryEmployeeService [AWT-EventQueue-0] Service: Retrieving all employees
2025-05-07 17:42:10,360 INFO r.MemoryEmployee [AWT-EventQueue-0] Find all employees
2025-05-07 17:42:10,519 INFO r.ConnectDB [AWT-EventQueue-0] Connected to the database
2025-05-07 17:42:10,519 INFO r.MemoryEmployee [AWT-EventQueue-0] Found employee with id 1
2025-05-07 17:42:10,519 INFO r.MemoryEmployee [AWT-EventQueue-0] Found employee with id 4
2025-05-07 17:42:10,519 INFO r.MemoryEmployee [AWT-EventQueue-0] Found employee with id 5
2025-05-07 17:42:10,519 INFO r.MemoryEmployee [AWT-EventQueue-0] Found employee with id 6
2025-05-07 17:42:10,519 INFO r.MemoryEmployee [AWT-EventQueue-0] Found employee with id 7
2025-05-07 17:42:10,519 INFO r.MemoryEmployee [AWT-EventQueue-0] Found employee with id 9
2025-05-07 17:42:10,519 INFO r.MemoryEmployee [AWT-EventQueue-0] Found employee with id 10
2025-05-07 17:42:10,519 INFO r.MemoryEmployee [AWT-EventQueue-0] Found employee with id 11
2025-05-07 17:42:10,519 INFO r.MemoryEmployee [AWT-EventQueue-0] Found employee with id 12
2025-05-07 17:42:10,519 INFO r.MemoryEmployee [AWT-EventQueue-0] Found employee with id 13
2025-05-07 17:42:10,519 INFO r.MemoryEmployee [AWT-EventQueue-0] Found employee with id 14
2025-05-07 17:42:10,519 INFO r.MemoryEmployee [AWT-EventQueue-0] Found employee with id 15
2025-05-07 17:42:10,519 INFO r.MemoryEmployee [AWT-EventQueue-0] Found employee with id 16
2025-05-07 17:42:10,519 INFO r.MemoryEmployee [AWT-EventQueue-0] Found employee with id 100
2025-05-07 17:42:10,519 INFO r.MemoryEmployee [AWT-EventQueue-0] Found employee with id 1002
2025-05-07 17:42:10,519 INFO r.MemoryEmployee [AWT-EventQueue-0] Found employee with id 1003
2025-05-07 17:42:10,519 INFO r.MemoryEmployee [AWT-EventQueue-0] Found employee with id 1004
2025-05-07 17:42:10,519 INFO r.MemoryEmployee [AWT-EventQueue-0] Found employee with id 1005
2025-05-07 17:42:10,519 INFO r.MemoryEmployee [AWT-EventQueue-0] Found employee with id 1006
2025-05-07 17:42:10,519 INFO r.MemoryEmployee [AWT-EventQueue-0] Found employee with id 1007
2025-05-07 17:42:10,519 INFO r.MemoryEmployee [AWT-EventQueue-0] Closing prepared statement
2025-05-07 17:42:10,519 INFO r.MemoryEmployee [AWT-EventQueue-0] Closing prepared statement
2025-05-07 17:42:10,535 INFO r.MemoryEmployee [AWT-EventQueue-0] Closing connection to database
2025-05-07 17:42:10,535 INFO r.MemoryEmployee [AWT-EventQueue-0] Find all employees successfully
2025-05-07 17:42:10,535 INFO s.MemoryEmployeeService [AWT-EventQueue-0] Service: Retrieving all employees
2025-05-07 17:42:10,535 INFO r.MemoryEmployee [AWT-EventQueue-0] Find all employees
2025-05-07 17:42:10,535 INFO r.ConnectDB [AWT-EventQueue-0] Connected to the database
2025-05-07 17:42:10,535 INFO r.MemoryEmployee [AWT-EventQueue-0] Found employee with id 1
2025-05-07 17:42:10,535 INFO r.MemoryEmployee [AWT-EventQueue-0] Found employee with id 4
2025-05-07 17:42:10,535 INFO r.MemoryEmployee [AWT-EventQueue-0] Found employee with id 5
2025-05-07 17:42:10,535 INFO r.MemoryEmployee [AWT-EventQueue-0] Found employee with id 6
2025-05-07 17:42:10,535 INFO r.MemoryEmployee [AWT-EventQueue-0] Found employee with id 7
2025-05-07 17:42:10,535 INFO r.MemoryEmployee [AWT-EventQueue-0] Found employee with id 9
2025-05-07 17:42:10,535 INFO r.MemoryEmployee [AWT-EventQueue-0] Found employee with id 10
2025-05-07 17:42:10,535 INFO r.MemoryEmployee [AWT-EventQueue-0] Found employee with id 11
2025-05-07 17:42:10,535 INFO r.MemoryEmployee [AWT-EventQueue-0] Found employee with id 12
2025-05-07 17:42:10,535 INFO r.MemoryEmployee [AWT-EventQueue-0] Found employee with id 13
2025-05-07 17:42:10,535 INFO r.MemoryEmployee [AWT-EventQueue-0] Found employee with id 14
2025-05-07 17:42:10,535 INFO r.MemoryEmployee [AWT-EventQueue-0] Found employee with id 15
2025-05-07 17:42:10,535 INFO r.MemoryEmployee [AWT-EventQueue-0] Found employee with id 16
2025-05-07 17:42:10,535 INFO r.MemoryEmployee [AWT-EventQueue-0] Found employee with id 100
2025-05-07 17:42:10,535 INFO r.MemoryEmployee [AWT-EventQueue-0] Found employee with id 1002
2025-05-07 17:42:10,535 INFO r.MemoryEmployee [AWT-EventQueue-0] Found employee with id 1003
2025-05-07 17:42:10,535 INFO r.MemoryEmployee [AWT-EventQueue-0] Found employee with id 1004
2025-05-07 17:42:10,535 INFO r.MemoryEmployee [AWT-EventQueue-0] Found employee with id 1005
2025-05-07 17:42:10,535 INFO r.MemoryEmployee [AWT-EventQueue-0] Found employee with id 1006
2025-05-07 17:42:10,535 INFO r.MemoryEmployee [AWT-EventQueue-0] Found employee with id 1007
2025-05-07 17:42:10,535 INFO r.MemoryEmployee [AWT-EventQueue-0] Closing prepared statement
2025-05-07 17:42:10,535 INFO r.MemoryEmployee [AWT-EventQueue-0] Closing prepared statement
2025-05-07 17:42:10,535 INFO r.MemoryEmployee [AWT-EventQueue-0] Closing connection to database
2025-05-07 17:42:10,535 INFO r.MemoryEmployee [AWT-EventQueue-0] Find all employees successfully
2025-05-07 17:42:10,702 INFO s.MemoryEmployeeService [AWT-EventQueue-0] Service: Retrieving all employees
2025-05-07 17:42:10,702 INFO r.MemoryEmployee [AWT-EventQueue-0] Find all employees
2025-05-07 17:42:10,713 INFO r.ConnectDB [AWT-EventQueue-0] Connected to the database
2025-05-07 17:42:10,713 INFO r.MemoryEmployee [AWT-EventQueue-0] Found employee with id 1
2025-05-07 17:42:10,713 INFO r.MemoryEmployee [AWT-EventQueue-0] Found employee with id 4
2025-05-07 17:42:10,713 INFO r.MemoryEmployee [AWT-EventQueue-0] Found employee with id 5
2025-05-07 17:42:10,713 INFO r.MemoryEmployee [AWT-EventQueue-0] Found employee with id 6
2025-05-07 17:42:10,713 INFO r.MemoryEmployee [AWT-EventQueue-0] Found employee with id 7
2025-05-07 17:42:10,713 INFO r.MemoryEmployee [AWT-EventQueue-0] Found employee with id 9
2025-05-07 17:42:10,713 INFO r.MemoryEmployee [AWT-EventQueue-0] Found employee with id 10
2025-05-07 17:42:10,713 INFO r.MemoryEmployee [AWT-EventQueue-0] Found employee with id 11
2025-05-07 17:42:10,713 INFO r.MemoryEmployee [AWT-EventQueue-0] Found employee with id 12
2025-05-07 17:42:10,713 INFO r.MemoryEmployee [AWT-EventQueue-0] Found employee with id 13
2025-05-07 17:42:10,713 INFO r.MemoryEmployee [AWT-EventQueue-0] Found employee with id 14
2025-05-07 17:42:10,718 INFO r.MemoryEmployee [AWT-EventQueue-0] Found employee with id 15
2025-05-07 17:42:10,718 INFO r.MemoryEmployee [AWT-EventQueue-0] Found employee with id 16
2025-05-07 17:42:10,718 INFO r.MemoryEmployee [AWT-EventQueue-0] Found employee with id 100
2025-05-07 17:42:10,718 INFO r.MemoryEmployee [AWT-EventQueue-0] Found employee with id 1002
2025-05-07 17:42:10,718 INFO r.MemoryEmployee [AWT-EventQueue-0] Found employee with id 1003
2025-05-07 17:42:10,718 INFO r.MemoryEmployee [AWT-EventQueue-0] Found employee with id 1004
2025-05-07 17:42:10,718 INFO r.MemoryEmployee [AWT-EventQueue-0] Found employee with id 1005
2025-05-07 17:42:10,718 INFO r.MemoryEmployee [AWT-EventQueue-0] Found employee with id 1006
2025-05-07 17:42:10,718 INFO r.MemoryEmployee [AWT-EventQueue-0] Found employee with id 1007
2025-05-07 17:42:10,718 INFO r.MemoryEmployee [AWT-EventQueue-0] Closing prepared statement
2025-05-07 17:42:10,718 INFO r.MemoryEmployee [AWT-EventQueue-0] Closing prepared statement
2025-05-07 17:42:10,718 INFO r.MemoryEmployee [AWT-EventQueue-0] Closing connection to database
2025-05-07 17:42:10,718 INFO r.MemoryEmployee [AWT-EventQueue-0] Find all employees successfully
2025-05-07 17:42:34,314 INFO s.MemoryEmployeeService [AWT-EventQueue-0] Service: Retrieving all employees
2025-05-07 17:42:34,314 INFO r.MemoryEmployee [AWT-EventQueue-0] Find all employees
2025-05-07 17:42:34,319 INFO r.ConnectDB [AWT-EventQueue-0] Connected to the database
2025-05-07 17:42:34,321 INFO r.MemoryEmployee [AWT-EventQueue-0] Found employee with id 1
2025-05-07 17:42:34,321 INFO r.MemoryEmployee [AWT-EventQueue-0] Found employee with id 4
2025-05-07 17:42:34,321 INFO r.MemoryEmployee [AWT-EventQueue-0] Found employee with id 5
2025-05-07 17:42:34,321 INFO r.MemoryEmployee [AWT-EventQueue-0] Found employee with id 6
2025-05-07 17:42:34,321 INFO r.MemoryEmployee [AWT-EventQueue-0] Found employee with id 7
2025-05-07 17:42:34,325 INFO r.MemoryEmployee [AWT-EventQueue-0] Found employee with id 9
2025-05-07 17:42:34,325 INFO r.MemoryEmployee [AWT-EventQueue-0] Found employee with id 10
2025-05-07 17:42:34,325 INFO r.MemoryEmployee [AWT-EventQueue-0] Found employee with id 11
2025-05-07 17:42:34,325 INFO r.MemoryEmployee [AWT-EventQueue-0] Found employee with id 12
2025-05-07 17:42:34,325 INFO r.MemoryEmployee [AWT-EventQueue-0] Found employee with id 13
2025-05-07 17:42:34,325 INFO r.MemoryEmployee [AWT-EventQueue-0] Found employee with id 14
2025-05-07 17:42:34,325 INFO r.MemoryEmployee [AWT-EventQueue-0] Found employee with id 15
2025-05-07 17:42:34,325 INFO r.MemoryEmployee [AWT-EventQueue-0] Found employee with id 16
2025-05-07 17:42:34,325 INFO r.MemoryEmployee [AWT-EventQueue-0] Found employee with id 100
2025-05-07 17:42:34,325 INFO r.MemoryEmployee [AWT-EventQueue-0] Found employee with id 1002
2025-05-07 17:42:34,327 INFO r.MemoryEmployee [AWT-EventQueue-0] Found employee with id 1003
2025-05-07 17:42:34,327 INFO r.MemoryEmployee [AWT-EventQueue-0] Found employee with id 1004
2025-05-07 17:42:34,327 INFO r.MemoryEmployee [AWT-EventQueue-0] Found employee with id 1005
2025-05-07 17:42:34,327 INFO r.MemoryEmployee [AWT-EventQueue-0] Found employee with id 1006
2025-05-07 17:42:34,327 INFO r.MemoryEmployee [AWT-EventQueue-0] Found employee with id 1007
2025-05-07 17:42:34,327 INFO r.MemoryEmployee [AWT-EventQueue-0] Closing prepared statement
2025-05-07 17:42:34,327 INFO r.MemoryEmployee [AWT-EventQueue-0] Closing prepared statement
2025-05-07 17:42:34,327 INFO r.MemoryEmployee [AWT-EventQueue-0] Closing connection to database
2025-05-07 17:42:34,327 INFO r.MemoryEmployee [AWT-EventQueue-0] Find all employees successfully
2025-05-07 17:42:49,996 INFO s.MemoryUserService [AWT-EventQueue-0] Finding all users
2025-05-07 17:42:50,096 INFO r.ConnectDB [AWT-EventQueue-0] Connected to the database
2025-05-07 17:42:50,102 INFO r.MemoryUser [AWT-EventQueue-0] User found with id 0
2025-05-07 17:42:50,102 INFO r.MemoryUser [AWT-EventQueue-0] User found with id 1
2025-05-07 17:42:50,102 INFO r.MemoryUser [AWT-EventQueue-0] User found with id 201
2025-05-07 17:42:50,102 INFO r.MemoryUser [AWT-EventQueue-0] User found with id 202
2025-05-07 17:42:50,102 INFO r.MemoryUser [AWT-EventQueue-0] User found with id 203
2025-05-07 17:42:50,102 INFO r.MemoryUser [AWT-EventQueue-0] User found with id 204
2025-05-07 17:42:50,102 INFO r.MemoryUser [AWT-EventQueue-0] User found with id 205
2025-05-07 17:42:50,102 INFO r.MemoryUser [AWT-EventQueue-0] User found with id 206
2025-05-07 17:42:50,102 INFO r.MemoryUser [AWT-EventQueue-0] User found with id 207
2025-05-07 17:42:50,102 INFO r.MemoryUser [AWT-EventQueue-0] User found with id 208
2025-05-07 17:42:50,102 INFO r.MemoryUser [AWT-EventQueue-0] User found with id 209
2025-05-07 17:42:50,102 INFO r.MemoryUser [AWT-EventQueue-0] User found with id 210
2025-05-07 17:42:50,102 INFO r.MemoryUser [AWT-EventQueue-0] User found with id 211
2025-05-07 17:42:50,102 INFO r.MemoryUser [AWT-EventQueue-0] User found with id 212
2025-05-07 17:42:50,102 INFO r.MemoryUser [AWT-EventQueue-0] User found with id 213
2025-05-07 17:42:50,102 INFO r.MemoryUser [AWT-EventQueue-0] User found with id 214
2025-05-07 17:42:50,102 INFO r.MemoryUser [AWT-EventQueue-0] User found with id 215
2025-05-07 17:42:50,102 INFO r.MemoryUser [AWT-EventQueue-0] User found with id 216
2025-05-07 17:42:50,102 INFO r.MemoryUser [AWT-EventQueue-0] User found with id 217
2025-05-07 17:42:50,102 INFO r.MemoryUser [AWT-EventQueue-0] User found with id 218
2025-05-07 17:42:50,102 INFO r.MemoryUser [AWT-EventQueue-0] User found with id 219
2025-05-07 17:42:50,102 INFO r.MemoryUser [AWT-EventQueue-0] User found with id 220
2025-05-07 17:42:50,102 INFO r.MemoryUser [AWT-EventQueue-0] User found with id 221
2025-05-07 17:42:50,102 INFO r.MemoryUser [AWT-EventQueue-0] User found with id 222
2025-05-07 17:42:50,102 INFO r.MemoryUser [AWT-EventQueue-0] User found with id 223
2025-05-07 17:42:50,102 INFO r.MemoryUser [AWT-EventQueue-0] User found with id 224
2025-05-07 17:42:50,102 INFO r.MemoryUser [AWT-EventQueue-0] User found with id 225
2025-05-07 17:42:50,102 INFO r.MemoryUser [AWT-EventQueue-0] User found with id 226
2025-05-07 17:42:50,114 INFO r.MemoryUser [AWT-EventQueue-0] User found with id 227
2025-05-07 17:42:50,114 INFO r.MemoryUser [AWT-EventQueue-0] User found with id 228
2025-05-07 17:42:50,114 INFO r.MemoryUser [AWT-EventQueue-0] User found with id 229
2025-05-07 17:42:50,114 INFO r.MemoryUser [AWT-EventQueue-0] User found with id 230
2025-05-07 17:42:50,114 INFO r.MemoryUser [AWT-EventQueue-0] User found with id 231
2025-05-07 17:42:50,114 INFO r.MemoryUser [AWT-EventQueue-0] User found with id 232
2025-05-07 17:42:50,114 INFO r.MemoryUser [AWT-EventQueue-0] User found with id 233
2025-05-07 17:42:50,116 INFO r.MemoryUser [AWT-EventQueue-0] User found with id 234
2025-05-07 17:42:50,116 INFO r.MemoryUser [AWT-EventQueue-0] User found with id 235
2025-05-07 17:42:50,116 INFO r.MemoryUser [AWT-EventQueue-0] User found with id 236
2025-05-07 17:42:50,116 INFO r.MemoryUser [AWT-EventQueue-0] User found with id 237
2025-05-07 17:42:50,116 INFO r.MemoryUser [AWT-EventQueue-0] User found with id 238
2025-05-07 17:42:50,116 INFO r.MemoryUser [AWT-EventQueue-0] User found with id 239
2025-05-07 17:42:50,116 INFO r.MemoryUser [AWT-EventQueue-0] User found with id 240
2025-05-07 17:42:50,116 INFO r.MemoryUser [AWT-EventQueue-0] User found with id 241
2025-05-07 17:42:50,116 INFO r.MemoryUser [AWT-EventQueue-0] User found with id 242
2025-05-07 17:42:50,116 INFO r.MemoryUser [AWT-EventQueue-0] User found with id 243
2025-05-07 17:42:50,116 INFO r.MemoryUser [AWT-EventQueue-0] User found with id 244
2025-05-07 17:42:50,116 INFO r.MemoryUser [AWT-EventQueue-0] User found with id 245
2025-05-07 17:42:50,118 INFO r.MemoryUser [AWT-EventQueue-0] User found with id 246
2025-05-07 17:42:50,118 INFO r.MemoryUser [AWT-EventQueue-0] User found with id 247
2025-05-07 17:42:50,118 INFO r.MemoryUser [AWT-EventQueue-0] User found with id 248
2025-05-07 17:42:50,118 INFO r.MemoryUser [AWT-EventQueue-0] User found with id 249
2025-05-07 17:42:50,118 INFO r.MemoryUser [AWT-EventQueue-0] User found with id 250
2025-05-07 17:42:50,118 INFO r.MemoryUser [AWT-EventQueue-0] ResultSet Closed
2025-05-07 17:42:50,118 INFO r.MemoryUser [AWT-EventQueue-0] PreparedStatement Closed
2025-05-07 17:42:50,118 INFO r.MemoryUser [AWT-EventQueue-0] Connection Closed
2025-05-07 17:42:57,261 INFO s.MemoryEmployeeService [AWT-EventQueue-0] Service: Retrieving all employees
2025-05-07 17:42:57,261 INFO r.MemoryEmployee [AWT-EventQueue-0] Find all employees
2025-05-07 17:42:57,263 INFO r.ConnectDB [AWT-EventQueue-0] Connected to the database
2025-05-07 17:42:57,263 INFO r.MemoryEmployee [AWT-EventQueue-0] Found employee with id 1
2025-05-07 17:42:57,263 INFO r.MemoryEmployee [AWT-EventQueue-0] Found employee with id 4
2025-05-07 17:42:57,263 INFO r.MemoryEmployee [AWT-EventQueue-0] Found employee with id 5
2025-05-07 17:42:57,263 INFO r.MemoryEmployee [AWT-EventQueue-0] Found employee with id 6
2025-05-07 17:42:57,265 INFO r.MemoryEmployee [AWT-EventQueue-0] Found employee with id 7
2025-05-07 17:42:57,265 INFO r.MemoryEmployee [AWT-EventQueue-0] Found employee with id 9
2025-05-07 17:42:57,265 INFO r.MemoryEmployee [AWT-EventQueue-0] Found employee with id 10
2025-05-07 17:42:57,267 INFO r.MemoryEmployee [AWT-EventQueue-0] Found employee with id 11
2025-05-07 17:42:57,267 INFO r.MemoryEmployee [AWT-EventQueue-0] Found employee with id 12
2025-05-07 17:42:57,267 INFO r.MemoryEmployee [AWT-EventQueue-0] Found employee with id 13
2025-05-07 17:42:57,267 INFO r.MemoryEmployee [AWT-EventQueue-0] Found employee with id 14
2025-05-07 17:42:57,267 INFO r.MemoryEmployee [AWT-EventQueue-0] Found employee with id 15
2025-05-07 17:42:57,267 INFO r.MemoryEmployee [AWT-EventQueue-0] Found employee with id 16
2025-05-07 17:42:57,267 INFO r.MemoryEmployee [AWT-EventQueue-0] Found employee with id 100
2025-05-07 17:42:57,267 INFO r.MemoryEmployee [AWT-EventQueue-0] Found employee with id 1002
2025-05-07 17:42:57,267 INFO r.MemoryEmployee [AWT-EventQueue-0] Found employee with id 1003
2025-05-07 17:42:57,267 INFO r.MemoryEmployee [AWT-EventQueue-0] Found employee with id 1004
2025-05-07 17:42:57,267 INFO r.MemoryEmployee [AWT-EventQueue-0] Found employee with id 1005
2025-05-07 17:42:57,267 INFO r.MemoryEmployee [AWT-EventQueue-0] Found employee with id 1006
2025-05-07 17:42:57,267 INFO r.MemoryEmployee [AWT-EventQueue-0] Found employee with id 1007
2025-05-07 17:42:57,267 INFO r.MemoryEmployee [AWT-EventQueue-0] Closing prepared statement
2025-05-07 17:42:57,267 INFO r.MemoryEmployee [AWT-EventQueue-0] Closing prepared statement
2025-05-07 17:42:57,267 INFO r.MemoryEmployee [AWT-EventQueue-0] Closing connection to database
2025-05-07 17:42:57,267 INFO r.MemoryEmployee [AWT-EventQueue-0] Find all employees successfully
2025-05-07 17:43:03,432 INFO s.MemoryUserService [AWT-EventQueue-0] Finding all users
2025-05-07 17:43:03,550 INFO r.ConnectDB [AWT-EventQueue-0] Connected to the database
2025-05-07 17:43:03,550 INFO r.MemoryUser [AWT-EventQueue-0] User found with id 0
2025-05-07 17:43:03,550 INFO r.MemoryUser [AWT-EventQueue-0] User found with id 1
2025-05-07 17:43:03,550 INFO r.MemoryUser [AWT-EventQueue-0] User found with id 201
2025-05-07 17:43:03,550 INFO r.MemoryUser [AWT-EventQueue-0] User found with id 202
2025-05-07 17:43:03,550 INFO r.MemoryUser [AWT-EventQueue-0] User found with id 203
2025-05-07 17:43:03,550 INFO r.MemoryUser [AWT-EventQueue-0] User found with id 204
2025-05-07 17:43:03,550 INFO r.MemoryUser [AWT-EventQueue-0] User found with id 205
2025-05-07 17:43:03,550 INFO r.MemoryUser [AWT-EventQueue-0] User found with id 206
2025-05-07 17:43:03,550 INFO r.MemoryUser [AWT-EventQueue-0] User found with id 207
2025-05-07 17:43:03,550 INFO r.MemoryUser [AWT-EventQueue-0] User found with id 208
2025-05-07 17:43:03,550 INFO r.MemoryUser [AWT-EventQueue-0] User found with id 209
2025-05-07 17:43:03,550 INFO r.MemoryUser [AWT-EventQueue-0] User found with id 210
2025-05-07 17:43:03,550 INFO r.MemoryUser [AWT-EventQueue-0] User found with id 211
2025-05-07 17:43:03,550 INFO r.MemoryUser [AWT-EventQueue-0] User found with id 212
2025-05-07 17:43:03,550 INFO r.MemoryUser [AWT-EventQueue-0] User found with id 213
2025-05-07 17:43:03,550 INFO r.MemoryUser [AWT-EventQueue-0] User found with id 214
2025-05-07 17:43:03,550 INFO r.MemoryUser [AWT-EventQueue-0] User found with id 215
2025-05-07 17:43:03,550 INFO r.MemoryUser [AWT-EventQueue-0] User found with id 216
2025-05-07 17:43:03,550 INFO r.MemoryUser [AWT-EventQueue-0] User found with id 217
2025-05-07 17:43:03,550 INFO r.MemoryUser [AWT-EventQueue-0] User found with id 218
2025-05-07 17:43:03,550 INFO r.MemoryUser [AWT-EventQueue-0] User found with id 219
2025-05-07 17:43:03,550 INFO r.MemoryUser [AWT-EventQueue-0] User found with id 220
2025-05-07 17:43:03,550 INFO r.MemoryUser [AWT-EventQueue-0] User found with id 221
2025-05-07 17:43:03,550 INFO r.MemoryUser [AWT-EventQueue-0] User found with id 222
2025-05-07 17:43:03,550 INFO r.MemoryUser [AWT-EventQueue-0] User found with id 223
2025-05-07 17:43:03,550 INFO r.MemoryUser [AWT-EventQueue-0] User found with id 224
2025-05-07 17:43:03,566 INFO r.MemoryUser [AWT-EventQueue-0] User found with id 225
2025-05-07 17:43:03,566 INFO r.MemoryUser [AWT-EventQueue-0] User found with id 226
2025-05-07 17:43:03,566 INFO r.MemoryUser [AWT-EventQueue-0] User found with id 227
2025-05-07 17:43:03,566 INFO r.MemoryUser [AWT-EventQueue-0] User found with id 228
2025-05-07 17:43:03,566 INFO r.MemoryUser [AWT-EventQueue-0] User found with id 229
2025-05-07 17:43:03,566 INFO r.MemoryUser [AWT-EventQueue-0] User found with id 230
2025-05-07 17:43:03,566 INFO r.MemoryUser [AWT-EventQueue-0] User found with id 231
2025-05-07 17:43:03,566 INFO r.MemoryUser [AWT-EventQueue-0] User found with id 232
2025-05-07 17:43:03,566 INFO r.MemoryUser [AWT-EventQueue-0] User found with id 233
2025-05-07 17:43:03,566 INFO r.MemoryUser [AWT-EventQueue-0] User found with id 234
2025-05-07 17:43:03,566 INFO r.MemoryUser [AWT-EventQueue-0] User found with id 235
2025-05-07 17:43:03,566 INFO r.MemoryUser [AWT-EventQueue-0] User found with id 236
2025-05-07 17:43:03,566 INFO r.MemoryUser [AWT-EventQueue-0] User found with id 237
2025-05-07 17:43:03,566 INFO r.MemoryUser [AWT-EventQueue-0] User found with id 238
2025-05-07 17:43:03,566 INFO r.MemoryUser [AWT-EventQueue-0] User found with id 239
2025-05-07 17:43:03,566 INFO r.MemoryUser [AWT-EventQueue-0] User found with id 240
2025-05-07 17:43:03,566 INFO r.MemoryUser [AWT-EventQueue-0] User found with id 241
2025-05-07 17:43:03,566 INFO r.MemoryUser [AWT-EventQueue-0] User found with id 242
2025-05-07 17:43:03,566 INFO r.MemoryUser [AWT-EventQueue-0] User found with id 243
2025-05-07 17:43:03,566 INFO r.MemoryUser [AWT-EventQueue-0] User found with id 244
2025-05-07 17:43:03,566 INFO r.MemoryUser [AWT-EventQueue-0] User found with id 245
2025-05-07 17:43:03,566 INFO r.MemoryUser [AWT-EventQueue-0] User found with id 246
2025-05-07 17:43:03,566 INFO r.MemoryUser [AWT-EventQueue-0] User found with id 247
2025-05-07 17:43:03,566 INFO r.MemoryUser [AWT-EventQueue-0] User found with id 248
2025-05-07 17:43:03,566 INFO r.MemoryUser [AWT-EventQueue-0] User found with id 249
2025-05-07 17:43:03,566 INFO r.MemoryUser [AWT-EventQueue-0] User found with id 250
2025-05-07 17:43:03,566 INFO r.MemoryUser [AWT-EventQueue-0] ResultSet Closed
2025-05-07 17:43:03,566 INFO r.MemoryUser [AWT-EventQueue-0] PreparedStatement Closed
2025-05-07 17:43:03,566 INFO r.MemoryUser [AWT-EventQueue-0] Connection Closed
2025-05-07 17:43:15,652 INFO s.MemoryEmployeeService [AWT-EventQueue-0] Service: Retrieving all employees
2025-05-07 17:43:15,652 INFO r.MemoryEmployee [AWT-EventQueue-0] Find all employees
2025-05-07 17:43:15,652 INFO r.ConnectDB [AWT-EventQueue-0] Connected to the database
2025-05-07 17:43:15,652 INFO r.MemoryEmployee [AWT-EventQueue-0] Found employee with id 1
2025-05-07 17:43:15,652 INFO r.MemoryEmployee [AWT-EventQueue-0] Found employee with id 4
2025-05-07 17:43:15,652 INFO r.MemoryEmployee [AWT-EventQueue-0] Found employee with id 5
2025-05-07 17:43:15,652 INFO r.MemoryEmployee [AWT-EventQueue-0] Found employee with id 6
2025-05-07 17:43:15,652 INFO r.MemoryEmployee [AWT-EventQueue-0] Found employee with id 7
2025-05-07 17:43:15,652 INFO r.MemoryEmployee [AWT-EventQueue-0] Found employee with id 9
2025-05-07 17:43:15,652 INFO r.MemoryEmployee [AWT-EventQueue-0] Found employee with id 10
2025-05-07 17:43:15,652 INFO r.MemoryEmployee [AWT-EventQueue-0] Found employee with id 11
2025-05-07 17:43:15,652 INFO r.MemoryEmployee [AWT-EventQueue-0] Found employee with id 12
2025-05-07 17:43:15,652 INFO r.MemoryEmployee [AWT-EventQueue-0] Found employee with id 13
2025-05-07 17:43:15,652 INFO r.MemoryEmployee [AWT-EventQueue-0] Found employee with id 14
2025-05-07 17:43:15,652 INFO r.MemoryEmployee [AWT-EventQueue-0] Found employee with id 15
2025-05-07 17:43:15,652 INFO r.MemoryEmployee [AWT-EventQueue-0] Found employee with id 16
2025-05-07 17:43:15,652 INFO r.MemoryEmployee [AWT-EventQueue-0] Found employee with id 100
2025-05-07 17:43:15,652 INFO r.MemoryEmployee [AWT-EventQueue-0] Found employee with id 1002
2025-05-07 17:43:15,652 INFO r.MemoryEmployee [AWT-EventQueue-0] Found employee with id 1003
2025-05-07 17:43:15,652 INFO r.MemoryEmployee [AWT-EventQueue-0] Found employee with id 1004
2025-05-07 17:43:15,652 INFO r.MemoryEmployee [AWT-EventQueue-0] Found employee with id 1005
2025-05-07 17:43:15,652 INFO r.MemoryEmployee [AWT-EventQueue-0] Found employee with id 1006
2025-05-07 17:43:15,652 INFO r.MemoryEmployee [AWT-EventQueue-0] Found employee with id 1007
2025-05-07 17:43:15,652 INFO r.MemoryEmployee [AWT-EventQueue-0] Closing prepared statement
2025-05-07 17:43:15,652 INFO r.MemoryEmployee [AWT-EventQueue-0] Closing prepared statement
2025-05-07 17:43:15,652 INFO r.MemoryEmployee [AWT-EventQueue-0] Closing connection to database
2025-05-07 17:43:15,652 INFO r.MemoryEmployee [AWT-EventQueue-0] Find all employees successfully
2025-05-07 17:43:42,496 INFO s.MemoryEmployeeService [AWT-EventQueue-0] Service: Retrieving all employees
2025-05-07 17:43:42,505 INFO r.MemoryEmployee [AWT-EventQueue-0] Find all employees
2025-05-07 17:43:42,655 INFO r.ConnectDB [AWT-EventQueue-0] Connected to the database
2025-05-07 17:43:42,655 INFO r.MemoryEmployee [AWT-EventQueue-0] Found employee with id 1
2025-05-07 17:43:42,655 INFO r.MemoryEmployee [AWT-EventQueue-0] Found employee with id 4
2025-05-07 17:43:42,655 INFO r.MemoryEmployee [AWT-EventQueue-0] Found employee with id 5
2025-05-07 17:43:42,655 INFO r.MemoryEmployee [AWT-EventQueue-0] Found employee with id 6
2025-05-07 17:43:42,655 INFO r.MemoryEmployee [AWT-EventQueue-0] Found employee with id 7
2025-05-07 17:43:42,655 INFO r.MemoryEmployee [AWT-EventQueue-0] Found employee with id 9
2025-05-07 17:43:42,655 INFO r.MemoryEmployee [AWT-EventQueue-0] Found employee with id 10
2025-05-07 17:43:42,655 INFO r.MemoryEmployee [AWT-EventQueue-0] Found employee with id 11
2025-05-07 17:43:42,655 INFO r.MemoryEmployee [AWT-EventQueue-0] Found employee with id 12
2025-05-07 17:43:42,655 INFO r.MemoryEmployee [AWT-EventQueue-0] Found employee with id 13
2025-05-07 17:43:42,655 INFO r.MemoryEmployee [AWT-EventQueue-0] Found employee with id 14
2025-05-07 17:43:42,655 INFO r.MemoryEmployee [AWT-EventQueue-0] Found employee with id 15
2025-05-07 17:43:42,655 INFO r.MemoryEmployee [AWT-EventQueue-0] Found employee with id 16
2025-05-07 17:43:42,655 INFO r.MemoryEmployee [AWT-EventQueue-0] Found employee with id 100
2025-05-07 17:43:42,655 INFO r.MemoryEmployee [AWT-EventQueue-0] Found employee with id 1002
2025-05-07 17:43:42,655 INFO r.MemoryEmployee [AWT-EventQueue-0] Found employee with id 1003
2025-05-07 17:43:42,655 INFO r.MemoryEmployee [AWT-EventQueue-0] Found employee with id 1004
2025-05-07 17:43:42,655 INFO r.MemoryEmployee [AWT-EventQueue-0] Found employee with id 1005
2025-05-07 17:43:42,655 INFO r.MemoryEmployee [AWT-EventQueue-0] Found employee with id 1006
2025-05-07 17:43:42,655 INFO r.MemoryEmployee [AWT-EventQueue-0] Found employee with id 1007
2025-05-07 17:43:42,655 INFO r.MemoryEmployee [AWT-EventQueue-0] Closing prepared statement
2025-05-07 17:43:42,671 INFO r.MemoryEmployee [AWT-EventQueue-0] Closing prepared statement
2025-05-07 17:43:42,671 INFO r.MemoryEmployee [AWT-EventQueue-0] Closing connection to database
2025-05-07 17:43:42,671 INFO r.MemoryEmployee [AWT-EventQueue-0] Find all employees successfully
2025-05-07 17:43:42,671 INFO s.MemoryEmployeeService [AWT-EventQueue-0] Service: Retrieving all employees
2025-05-07 17:43:42,671 INFO r.MemoryEmployee [AWT-EventQueue-0] Find all employees
2025-05-07 17:43:42,675 INFO r.ConnectDB [AWT-EventQueue-0] Connected to the database
2025-05-07 17:43:42,675 INFO r.MemoryEmployee [AWT-EventQueue-0] Found employee with id 1
2025-05-07 17:43:42,675 INFO r.MemoryEmployee [AWT-EventQueue-0] Found employee with id 4
2025-05-07 17:43:42,675 INFO r.MemoryEmployee [AWT-EventQueue-0] Found employee with id 5
2025-05-07 17:43:42,675 INFO r.MemoryEmployee [AWT-EventQueue-0] Found employee with id 6
2025-05-07 17:43:42,675 INFO r.MemoryEmployee [AWT-EventQueue-0] Found employee with id 7
2025-05-07 17:43:42,675 INFO r.MemoryEmployee [AWT-EventQueue-0] Found employee with id 9
2025-05-07 17:43:42,675 INFO r.MemoryEmployee [AWT-EventQueue-0] Found employee with id 10
2025-05-07 17:43:42,675 INFO r.MemoryEmployee [AWT-EventQueue-0] Found employee with id 11
2025-05-07 17:43:42,675 INFO r.MemoryEmployee [AWT-EventQueue-0] Found employee with id 12
2025-05-07 17:43:42,675 INFO r.MemoryEmployee [AWT-EventQueue-0] Found employee with id 13
2025-05-07 17:43:42,675 INFO r.MemoryEmployee [AWT-EventQueue-0] Found employee with id 14
2025-05-07 17:43:42,675 INFO r.MemoryEmployee [AWT-EventQueue-0] Found employee with id 15
2025-05-07 17:43:42,675 INFO r.MemoryEmployee [AWT-EventQueue-0] Found employee with id 16
2025-05-07 17:43:42,675 INFO r.MemoryEmployee [AWT-EventQueue-0] Found employee with id 100
2025-05-07 17:43:42,675 INFO r.MemoryEmployee [AWT-EventQueue-0] Found employee with id 1002
2025-05-07 17:43:42,675 INFO r.MemoryEmployee [AWT-EventQueue-0] Found employee with id 1003
2025-05-07 17:43:42,675 INFO r.MemoryEmployee [AWT-EventQueue-0] Found employee with id 1004
2025-05-07 17:43:42,675 INFO r.MemoryEmployee [AWT-EventQueue-0] Found employee with id 1005
2025-05-07 17:43:42,675 INFO r.MemoryEmployee [AWT-EventQueue-0] Found employee with id 1006
2025-05-07 17:43:42,675 INFO r.MemoryEmployee [AWT-EventQueue-0] Found employee with id 1007
2025-05-07 17:43:42,675 INFO r.MemoryEmployee [AWT-EventQueue-0] Closing prepared statement
2025-05-07 17:43:42,675 INFO r.MemoryEmployee [AWT-EventQueue-0] Closing prepared statement
2025-05-07 17:43:42,675 INFO r.MemoryEmployee [AWT-EventQueue-0] Closing connection to database
2025-05-07 17:43:42,675 INFO r.MemoryEmployee [AWT-EventQueue-0] Find all employees successfully
2025-05-07 17:43:42,878 INFO s.MemoryEmployeeService [AWT-EventQueue-0] Service: Retrieving all employees
2025-05-07 17:43:42,878 INFO r.MemoryEmployee [AWT-EventQueue-0] Find all employees
2025-05-07 17:43:42,884 INFO r.ConnectDB [AWT-EventQueue-0] Connected to the database
2025-05-07 17:43:42,884 INFO r.MemoryEmployee [AWT-EventQueue-0] Found employee with id 1
2025-05-07 17:43:42,884 INFO r.MemoryEmployee [AWT-EventQueue-0] Found employee with id 4
2025-05-07 17:43:42,884 INFO r.MemoryEmployee [AWT-EventQueue-0] Found employee with id 5
2025-05-07 17:43:42,884 INFO r.MemoryEmployee [AWT-EventQueue-0] Found employee with id 6
2025-05-07 17:43:42,884 INFO r.MemoryEmployee [AWT-EventQueue-0] Found employee with id 7
2025-05-07 17:43:42,884 INFO r.MemoryEmployee [AWT-EventQueue-0] Found employee with id 9
2025-05-07 17:43:42,884 INFO r.MemoryEmployee [AWT-EventQueue-0] Found employee with id 10
2025-05-07 17:43:42,884 INFO r.MemoryEmployee [AWT-EventQueue-0] Found employee with id 11
2025-05-07 17:43:42,884 INFO r.MemoryEmployee [AWT-EventQueue-0] Found employee with id 12
2025-05-07 17:43:42,884 INFO r.MemoryEmployee [AWT-EventQueue-0] Found employee with id 13
2025-05-07 17:43:42,884 INFO r.MemoryEmployee [AWT-EventQueue-0] Found employee with id 14
2025-05-07 17:43:42,892 INFO r.MemoryEmployee [AWT-EventQueue-0] Found employee with id 15
2025-05-07 17:43:42,892 INFO r.MemoryEmployee [AWT-EventQueue-0] Found employee with id 16
2025-05-07 17:43:42,892 INFO r.MemoryEmployee [AWT-EventQueue-0] Found employee with id 100
2025-05-07 17:43:42,892 INFO r.MemoryEmployee [AWT-EventQueue-0] Found employee with id 1002
2025-05-07 17:43:42,892 INFO r.MemoryEmployee [AWT-EventQueue-0] Found employee with id 1003
2025-05-07 17:43:42,892 INFO r.MemoryEmployee [AWT-EventQueue-0] Found employee with id 1004
2025-05-07 17:43:42,892 INFO r.MemoryEmployee [AWT-EventQueue-0] Found employee with id 1005
2025-05-07 17:43:42,892 INFO r.MemoryEmployee [AWT-EventQueue-0] Found employee with id 1006
2025-05-07 17:43:42,892 INFO r.MemoryEmployee [AWT-EventQueue-0] Found employee with id 1007
2025-05-07 17:43:42,892 INFO r.MemoryEmployee [AWT-EventQueue-0] Closing prepared statement
2025-05-07 17:43:42,892 INFO r.MemoryEmployee [AWT-EventQueue-0] Closing prepared statement
2025-05-07 17:43:42,892 INFO r.MemoryEmployee [AWT-EventQueue-0] Closing connection to database
2025-05-07 17:43:42,892 INFO r.MemoryEmployee [AWT-EventQueue-0] Find all employees successfully
2025-05-07 17:43:54,367 INFO s.MemoryEmployeeService [AWT-EventQueue-0] Service: Retrieving all employees
2025-05-07 17:43:54,371 INFO r.MemoryEmployee [AWT-EventQueue-0] Find all employees
2025-05-07 17:43:54,373 INFO r.ConnectDB [AWT-EventQueue-0] Connected to the database
2025-05-07 17:43:54,373 INFO r.MemoryEmployee [AWT-EventQueue-0] Found employee with id 1
2025-05-07 17:43:54,376 INFO r.MemoryEmployee [AWT-EventQueue-0] Found employee with id 4
2025-05-07 17:43:54,376 INFO r.MemoryEmployee [AWT-EventQueue-0] Found employee with id 5
2025-05-07 17:43:54,376 INFO r.MemoryEmployee [AWT-EventQueue-0] Found employee with id 6
2025-05-07 17:43:54,376 INFO r.MemoryEmployee [AWT-EventQueue-0] Found employee with id 7
2025-05-07 17:43:54,378 INFO r.MemoryEmployee [AWT-EventQueue-0] Found employee with id 9
2025-05-07 17:43:54,378 INFO r.MemoryEmployee [AWT-EventQueue-0] Found employee with id 10
2025-05-07 17:43:54,378 INFO r.MemoryEmployee [AWT-EventQueue-0] Found employee with id 11
2025-05-07 17:43:54,378 INFO r.MemoryEmployee [AWT-EventQueue-0] Found employee with id 12
2025-05-07 17:43:54,380 INFO r.MemoryEmployee [AWT-EventQueue-0] Found employee with id 13
2025-05-07 17:43:54,380 INFO r.MemoryEmployee [AWT-EventQueue-0] Found employee with id 14
2025-05-07 17:43:54,380 INFO r.MemoryEmployee [AWT-EventQueue-0] Found employee with id 15
2025-05-07 17:43:54,381 INFO r.MemoryEmployee [AWT-EventQueue-0] Found employee with id 16
2025-05-07 17:43:54,381 INFO r.MemoryEmployee [AWT-EventQueue-0] Found employee with id 100
2025-05-07 17:43:54,381 INFO r.MemoryEmployee [AWT-EventQueue-0] Found employee with id 1002
2025-05-07 17:43:54,381 INFO r.MemoryEmployee [AWT-EventQueue-0] Found employee with id 1003
2025-05-07 17:43:54,381 INFO r.MemoryEmployee [AWT-EventQueue-0] Found employee with id 1004
2025-05-07 17:43:54,383 INFO r.MemoryEmployee [AWT-EventQueue-0] Found employee with id 1005
2025-05-07 17:43:54,383 INFO r.MemoryEmployee [AWT-EventQueue-0] Found employee with id 1006
2025-05-07 17:43:54,383 INFO r.MemoryEmployee [AWT-EventQueue-0] Found employee with id 1007
2025-05-07 17:43:54,385 INFO r.MemoryEmployee [AWT-EventQueue-0] Closing prepared statement
2025-05-07 17:43:54,385 INFO r.MemoryEmployee [AWT-EventQueue-0] Closing prepared statement
2025-05-07 17:43:54,385 INFO r.MemoryEmployee [AWT-EventQueue-0] Closing connection to database
2025-05-07 17:43:54,385 INFO r.MemoryEmployee [AWT-EventQueue-0] Find all employees successfully
2025-05-07 17:44:22,558 INFO s.MemoryEmployeeService [AWT-EventQueue-0] Service: Retrieving all employees
2025-05-07 17:44:22,559 INFO r.MemoryEmployee [AWT-EventQueue-0] Find all employees
2025-05-07 17:44:22,561 INFO r.ConnectDB [AWT-EventQueue-0] Connected to the database
2025-05-07 17:44:22,562 INFO r.MemoryEmployee [AWT-EventQueue-0] Found employee with id 1
2025-05-07 17:44:22,563 INFO r.MemoryEmployee [AWT-EventQueue-0] Found employee with id 4
2025-05-07 17:44:22,563 INFO r.MemoryEmployee [AWT-EventQueue-0] Found employee with id 5
2025-05-07 17:44:22,563 INFO r.MemoryEmployee [AWT-EventQueue-0] Found employee with id 6
2025-05-07 17:44:22,564 INFO r.MemoryEmployee [AWT-EventQueue-0] Found employee with id 7
2025-05-07 17:44:22,564 INFO r.MemoryEmployee [AWT-EventQueue-0] Found employee with id 9
2025-05-07 17:44:22,565 INFO r.MemoryEmployee [AWT-EventQueue-0] Found employee with id 10
2025-05-07 17:44:22,566 INFO r.MemoryEmployee [AWT-EventQueue-0] Found employee with id 11
2025-05-07 17:44:22,567 INFO r.MemoryEmployee [AWT-EventQueue-0] Found employee with id 12
2025-05-07 17:44:22,568 INFO r.MemoryEmployee [AWT-EventQueue-0] Found employee with id 13
2025-05-07 17:44:22,569 INFO r.MemoryEmployee [AWT-EventQueue-0] Found employee with id 14
2025-05-07 17:44:22,569 INFO r.MemoryEmployee [AWT-EventQueue-0] Found employee with id 15
2025-05-07 17:44:22,569 INFO r.MemoryEmployee [AWT-EventQueue-0] Found employee with id 16
2025-05-07 17:44:22,569 INFO r.MemoryEmployee [AWT-EventQueue-0] Found employee with id 100
2025-05-07 17:44:22,569 INFO r.MemoryEmployee [AWT-EventQueue-0] Found employee with id 1002
2025-05-07 17:44:22,569 INFO r.MemoryEmployee [AWT-EventQueue-0] Found employee with id 1003
2025-05-07 17:44:22,574 INFO r.MemoryEmployee [AWT-EventQueue-0] Found employee with id 1004
2025-05-07 17:44:22,574 INFO r.MemoryEmployee [AWT-EventQueue-0] Found employee with id 1005
2025-05-07 17:44:22,577 INFO r.MemoryEmployee [AWT-EventQueue-0] Found employee with id 1006
2025-05-07 17:44:22,577 INFO r.MemoryEmployee [AWT-EventQueue-0] Found employee with id 1007
2025-05-07 17:44:22,579 INFO r.MemoryEmployee [AWT-EventQueue-0] Closing prepared statement
2025-05-07 17:44:22,579 INFO r.MemoryEmployee [AWT-EventQueue-0] Closing prepared statement
2025-05-07 17:44:22,579 INFO r.MemoryEmployee [AWT-EventQueue-0] Closing connection to database
2025-05-07 17:44:22,579 INFO r.MemoryEmployee [AWT-EventQueue-0] Find all employees successfully
2025-05-07 17:44:29,546 INFO s.MemoryUserService [AWT-EventQueue-0] Finding all users
2025-05-07 17:44:29,696 INFO r.ConnectDB [AWT-EventQueue-0] Connected to the database
2025-05-07 17:44:29,711 INFO r.MemoryUser [AWT-EventQueue-0] User found with id 0
2025-05-07 17:44:29,711 INFO r.MemoryUser [AWT-EventQueue-0] User found with id 1
2025-05-07 17:44:29,711 INFO r.MemoryUser [AWT-EventQueue-0] User found with id 201
2025-05-07 17:44:29,711 INFO r.MemoryUser [AWT-EventQueue-0] User found with id 202
2025-05-07 17:44:29,711 INFO r.MemoryUser [AWT-EventQueue-0] User found with id 203
2025-05-07 17:44:29,711 INFO r.MemoryUser [AWT-EventQueue-0] User found with id 204
2025-05-07 17:44:29,711 INFO r.MemoryUser [AWT-EventQueue-0] User found with id 205
2025-05-07 17:44:29,711 INFO r.MemoryUser [AWT-EventQueue-0] User found with id 206
2025-05-07 17:44:29,711 INFO r.MemoryUser [AWT-EventQueue-0] User found with id 207
2025-05-07 17:44:29,711 INFO r.MemoryUser [AWT-EventQueue-0] User found with id 208
2025-05-07 17:44:29,717 INFO r.MemoryUser [AWT-EventQueue-0] User found with id 209
2025-05-07 17:44:29,717 INFO r.MemoryUser [AWT-EventQueue-0] User found with id 210
2025-05-07 17:44:29,717 INFO r.MemoryUser [AWT-EventQueue-0] User found with id 211
2025-05-07 17:44:29,719 INFO r.MemoryUser [AWT-EventQueue-0] User found with id 212
2025-05-07 17:44:29,719 INFO r.MemoryUser [AWT-EventQueue-0] User found with id 213
2025-05-07 17:44:29,719 INFO r.MemoryUser [AWT-EventQueue-0] User found with id 214
2025-05-07 17:44:29,721 INFO r.MemoryUser [AWT-EventQueue-0] User found with id 215
2025-05-07 17:44:29,721 INFO r.MemoryUser [AWT-EventQueue-0] User found with id 216
2025-05-07 17:44:29,721 INFO r.MemoryUser [AWT-EventQueue-0] User found with id 217
2025-05-07 17:44:29,721 INFO r.MemoryUser [AWT-EventQueue-0] User found with id 218
2025-05-07 17:44:29,721 INFO r.MemoryUser [AWT-EventQueue-0] User found with id 219
2025-05-07 17:44:29,721 INFO r.MemoryUser [AWT-EventQueue-0] User found with id 220
2025-05-07 17:44:29,721 INFO r.MemoryUser [AWT-EventQueue-0] User found with id 221
2025-05-07 17:44:29,725 INFO r.MemoryUser [AWT-EventQueue-0] User found with id 222
2025-05-07 17:44:29,725 INFO r.MemoryUser [AWT-EventQueue-0] User found with id 223
2025-05-07 17:44:29,725 INFO r.MemoryUser [AWT-EventQueue-0] User found with id 224
2025-05-07 17:44:29,727 INFO r.MemoryUser [AWT-EventQueue-0] User found with id 225
2025-05-07 17:44:29,727 INFO r.MemoryUser [AWT-EventQueue-0] User found with id 226
2025-05-07 17:44:29,727 INFO r.MemoryUser [AWT-EventQueue-0] User found with id 227
2025-05-07 17:44:29,729 INFO r.MemoryUser [AWT-EventQueue-0] User found with id 228
2025-05-07 17:44:29,729 INFO r.MemoryUser [AWT-EventQueue-0] User found with id 229
2025-05-07 17:44:29,729 INFO r.MemoryUser [AWT-EventQueue-0] User found with id 230
2025-05-07 17:44:29,731 INFO r.MemoryUser [AWT-EventQueue-0] User found with id 231
2025-05-07 17:44:29,732 INFO r.MemoryUser [AWT-EventQueue-0] User found with id 232
2025-05-07 17:44:29,732 INFO r.MemoryUser [AWT-EventQueue-0] User found with id 233
2025-05-07 17:44:29,734 INFO r.MemoryUser [AWT-EventQueue-0] User found with id 234
2025-05-07 17:44:29,734 INFO r.MemoryUser [AWT-EventQueue-0] User found with id 235
2025-05-07 17:44:29,738 INFO r.MemoryUser [AWT-EventQueue-0] User found with id 236
2025-05-07 17:44:29,740 INFO r.MemoryUser [AWT-EventQueue-0] User found with id 237
2025-05-07 17:44:29,740 INFO r.MemoryUser [AWT-EventQueue-0] User found with id 238
2025-05-07 17:44:29,742 INFO r.MemoryUser [AWT-EventQueue-0] User found with id 239
2025-05-07 17:44:29,742 INFO r.MemoryUser [AWT-EventQueue-0] User found with id 240
2025-05-07 17:44:29,742 INFO r.MemoryUser [AWT-EventQueue-0] User found with id 241
2025-05-07 17:44:29,742 INFO r.MemoryUser [AWT-EventQueue-0] User found with id 242
2025-05-07 17:44:29,746 INFO r.MemoryUser [AWT-EventQueue-0] User found with id 243
2025-05-07 17:44:29,746 INFO r.MemoryUser [AWT-EventQueue-0] User found with id 244
2025-05-07 17:44:29,746 INFO r.MemoryUser [AWT-EventQueue-0] User found with id 245
2025-05-07 17:44:29,748 INFO r.MemoryUser [AWT-EventQueue-0] User found with id 246
2025-05-07 17:44:29,748 INFO r.MemoryUser [AWT-EventQueue-0] User found with id 247
2025-05-07 17:44:29,750 INFO r.MemoryUser [AWT-EventQueue-0] User found with id 248
2025-05-07 17:44:29,750 INFO r.MemoryUser [AWT-EventQueue-0] User found with id 249
2025-05-07 17:44:29,752 INFO r.MemoryUser [AWT-EventQueue-0] User found with id 250
2025-05-07 17:44:29,754 INFO r.MemoryUser [AWT-EventQueue-0] ResultSet Closed
2025-05-07 17:44:29,754 INFO r.MemoryUser [AWT-EventQueue-0] PreparedStatement Closed
2025-05-07 17:44:29,756 INFO r.MemoryUser [AWT-EventQueue-0] Connection Closed
2025-05-07 17:44:32,565 INFO s.MemoryUserService [AWT-EventQueue-0] Finding all users
2025-05-07 17:44:32,701 INFO r.ConnectDB [AWT-EventQueue-0] Connected to the database
2025-05-07 17:44:32,726 INFO r.MemoryUser [AWT-EventQueue-0] User found with id 0
2025-05-07 17:44:32,728 INFO r.MemoryUser [AWT-EventQueue-0] User found with id 1
2025-05-07 17:44:32,731 INFO r.MemoryUser [AWT-EventQueue-0] User found with id 201
2025-05-07 17:44:32,731 INFO r.MemoryUser [AWT-EventQueue-0] User found with id 202
2025-05-07 17:44:32,731 INFO r.MemoryUser [AWT-EventQueue-0] User found with id 203
2025-05-07 17:44:32,731 INFO r.MemoryUser [AWT-EventQueue-0] User found with id 204
2025-05-07 17:44:32,731 INFO r.MemoryUser [AWT-EventQueue-0] User found with id 205
2025-05-07 17:44:32,731 INFO r.MemoryUser [AWT-EventQueue-0] User found with id 206
2025-05-07 17:44:32,731 INFO r.MemoryUser [AWT-EventQueue-0] User found with id 207
2025-05-07 17:44:32,731 INFO r.MemoryUser [AWT-EventQueue-0] User found with id 208
2025-05-07 17:44:32,731 INFO r.MemoryUser [AWT-EventQueue-0] User found with id 209
2025-05-07 17:44:32,731 INFO r.MemoryUser [AWT-EventQueue-0] User found with id 210
2025-05-07 17:44:32,731 INFO r.MemoryUser [AWT-EventQueue-0] User found with id 211
2025-05-07 17:44:32,731 INFO r.MemoryUser [AWT-EventQueue-0] User found with id 212
2025-05-07 17:44:32,731 INFO r.MemoryUser [AWT-EventQueue-0] User found with id 213
2025-05-07 17:44:32,731 INFO r.MemoryUser [AWT-EventQueue-0] User found with id 214
2025-05-07 17:44:32,731 INFO r.MemoryUser [AWT-EventQueue-0] User found with id 215
2025-05-07 17:44:32,731 INFO r.MemoryUser [AWT-EventQueue-0] User found with id 216
2025-05-07 17:44:32,731 INFO r.MemoryUser [AWT-EventQueue-0] User found with id 217
2025-05-07 17:44:32,731 INFO r.MemoryUser [AWT-EventQueue-0] User found with id 218
2025-05-07 17:44:32,731 INFO r.MemoryUser [AWT-EventQueue-0] User found with id 219
2025-05-07 17:44:32,731 INFO r.MemoryUser [AWT-EventQueue-0] User found with id 220
2025-05-07 17:44:32,731 INFO r.MemoryUser [AWT-EventQueue-0] User found with id 221
2025-05-07 17:44:32,731 INFO r.MemoryUser [AWT-EventQueue-0] User found with id 222
2025-05-07 17:44:32,731 INFO r.MemoryUser [AWT-EventQueue-0] User found with id 223
2025-05-07 17:44:32,731 INFO r.MemoryUser [AWT-EventQueue-0] User found with id 224
2025-05-07 17:44:32,740 INFO r.MemoryUser [AWT-EventQueue-0] User found with id 225
2025-05-07 17:44:32,740 INFO r.MemoryUser [AWT-EventQueue-0] User found with id 226
2025-05-07 17:44:32,742 INFO r.MemoryUser [AWT-EventQueue-0] User found with id 227
2025-05-07 17:44:32,742 INFO r.MemoryUser [AWT-EventQueue-0] User found with id 228
2025-05-07 17:44:32,742 INFO r.MemoryUser [AWT-EventQueue-0] User found with id 229
2025-05-07 17:44:32,742 INFO r.MemoryUser [AWT-EventQueue-0] User found with id 230
2025-05-07 17:44:32,742 INFO r.MemoryUser [AWT-EventQueue-0] User found with id 231
2025-05-07 17:44:32,742 INFO r.MemoryUser [AWT-EventQueue-0] User found with id 232
2025-05-07 17:44:32,742 INFO r.MemoryUser [AWT-EventQueue-0] User found with id 233
2025-05-07 17:44:32,742 INFO r.MemoryUser [AWT-EventQueue-0] User found with id 234
2025-05-07 17:44:32,742 INFO r.MemoryUser [AWT-EventQueue-0] User found with id 235
2025-05-07 17:44:32,742 INFO r.MemoryUser [AWT-EventQueue-0] User found with id 236
2025-05-07 17:44:32,742 INFO r.MemoryUser [AWT-EventQueue-0] User found with id 237
2025-05-07 17:44:32,742 INFO r.MemoryUser [AWT-EventQueue-0] User found with id 238
2025-05-07 17:44:32,742 INFO r.MemoryUser [AWT-EventQueue-0] User found with id 239
2025-05-07 17:44:32,742 INFO r.MemoryUser [AWT-EventQueue-0] User found with id 240
2025-05-07 17:44:32,742 INFO r.MemoryUser [AWT-EventQueue-0] User found with id 241
2025-05-07 17:44:32,754 INFO r.MemoryUser [AWT-EventQueue-0] User found with id 242
2025-05-07 17:44:32,754 INFO r.MemoryUser [AWT-EventQueue-0] User found with id 243
2025-05-07 17:44:32,754 INFO r.MemoryUser [AWT-EventQueue-0] User found with id 244
2025-05-07 17:44:32,754 INFO r.MemoryUser [AWT-EventQueue-0] User found with id 245
2025-05-07 17:44:32,754 INFO r.MemoryUser [AWT-EventQueue-0] User found with id 246
2025-05-07 17:44:32,754 INFO r.MemoryUser [AWT-EventQueue-0] User found with id 247
2025-05-07 17:44:32,754 INFO r.MemoryUser [AWT-EventQueue-0] User found with id 248
2025-05-07 17:44:32,754 INFO r.MemoryUser [AWT-EventQueue-0] User found with id 249
2025-05-07 17:44:32,754 INFO r.MemoryUser [AWT-EventQueue-0] User found with id 250
2025-05-07 17:44:32,756 INFO r.MemoryUser [AWT-EventQueue-0] ResultSet Closed
2025-05-07 17:44:32,758 INFO r.MemoryUser [AWT-EventQueue-0] PreparedStatement Closed
2025-05-07 17:44:32,760 INFO r.MemoryUser [AWT-EventQueue-0] Connection Closed
2025-05-07 17:44:35,466 INFO s.MemoryEmployeeService [AWT-EventQueue-0] Service: Retrieving all employees
2025-05-07 17:44:35,466 INFO r.MemoryEmployee [AWT-EventQueue-0] Find all employees
2025-05-07 17:44:35,466 INFO r.ConnectDB [AWT-EventQueue-0] Connected to the database
2025-05-07 17:44:35,471 INFO r.MemoryEmployee [AWT-EventQueue-0] Found employee with id 1
2025-05-07 17:44:35,475 INFO r.MemoryEmployee [AWT-EventQueue-0] Found employee with id 4
2025-05-07 17:44:35,475 INFO r.MemoryEmployee [AWT-EventQueue-0] Found employee with id 5
2025-05-07 17:44:35,475 INFO r.MemoryEmployee [AWT-EventQueue-0] Found employee with id 6
2025-05-07 17:44:35,477 INFO r.MemoryEmployee [AWT-EventQueue-0] Found employee with id 7
2025-05-07 17:44:35,479 INFO r.MemoryEmployee [AWT-EventQueue-0] Found employee with id 9
2025-05-07 17:44:35,479 INFO r.MemoryEmployee [AWT-EventQueue-0] Found employee with id 10
2025-05-07 17:44:35,481 INFO r.MemoryEmployee [AWT-EventQueue-0] Found employee with id 11
2025-05-07 17:44:35,481 INFO r.MemoryEmployee [AWT-EventQueue-0] Found employee with id 12
2025-05-07 17:44:35,481 INFO r.MemoryEmployee [AWT-EventQueue-0] Found employee with id 13
2025-05-07 17:44:35,481 INFO r.MemoryEmployee [AWT-EventQueue-0] Found employee with id 14
2025-05-07 17:44:35,481 INFO r.MemoryEmployee [AWT-EventQueue-0] Found employee with id 15
2025-05-07 17:44:35,483 INFO r.MemoryEmployee [AWT-EventQueue-0] Found employee with id 16
2025-05-07 17:44:35,483 INFO r.MemoryEmployee [AWT-EventQueue-0] Found employee with id 100
2025-05-07 17:44:35,483 INFO r.MemoryEmployee [AWT-EventQueue-0] Found employee with id 1002
2025-05-07 17:44:35,483 INFO r.MemoryEmployee [AWT-EventQueue-0] Found employee with id 1003
2025-05-07 17:44:35,483 INFO r.MemoryEmployee [AWT-EventQueue-0] Found employee with id 1004
2025-05-07 17:44:35,483 INFO r.MemoryEmployee [AWT-EventQueue-0] Found employee with id 1005
2025-05-07 17:44:35,483 INFO r.MemoryEmployee [AWT-EventQueue-0] Found employee with id 1006
2025-05-07 17:44:35,483 INFO r.MemoryEmployee [AWT-EventQueue-0] Found employee with id 1007
2025-05-07 17:44:35,483 INFO r.MemoryEmployee [AWT-EventQueue-0] Closing prepared statement
2025-05-07 17:44:35,483 INFO r.MemoryEmployee [AWT-EventQueue-0] Closing prepared statement
2025-05-07 17:44:35,483 INFO r.MemoryEmployee [AWT-EventQueue-0] Closing connection to database
2025-05-07 17:44:35,483 INFO r.MemoryEmployee [AWT-EventQueue-0] Find all employees successfully
2025-05-07 17:44:45,529 INFO s.MemoryEmployeeService [AWT-EventQueue-0] Service: Retrieving all employees
2025-05-07 17:44:45,529 INFO r.MemoryEmployee [AWT-EventQueue-0] Find all employees
2025-05-07 17:44:45,538 INFO r.ConnectDB [AWT-EventQueue-0] Connected to the database
2025-05-07 17:44:45,541 INFO r.MemoryEmployee [AWT-EventQueue-0] Found employee with id 1
2025-05-07 17:44:45,541 INFO r.MemoryEmployee [AWT-EventQueue-0] Found employee with id 4
2025-05-07 17:44:45,544 INFO r.MemoryEmployee [AWT-EventQueue-0] Found employee with id 5
2025-05-07 17:44:45,544 INFO r.MemoryEmployee [AWT-EventQueue-0] Found employee with id 6
2025-05-07 17:44:45,544 INFO r.MemoryEmployee [AWT-EventQueue-0] Found employee with id 7
2025-05-07 17:44:45,544 INFO r.MemoryEmployee [AWT-EventQueue-0] Found employee with id 9
2025-05-07 17:44:45,544 INFO r.MemoryEmployee [AWT-EventQueue-0] Found employee with id 10
2025-05-07 17:44:45,544 INFO r.MemoryEmployee [AWT-EventQueue-0] Found employee with id 11
2025-05-07 17:44:45,544 INFO r.MemoryEmployee [AWT-EventQueue-0] Found employee with id 12
2025-05-07 17:44:45,544 INFO r.MemoryEmployee [AWT-EventQueue-0] Found employee with id 13
2025-05-07 17:44:45,549 INFO r.MemoryEmployee [AWT-EventQueue-0] Found employee with id 14
2025-05-07 17:44:45,549 INFO r.MemoryEmployee [AWT-EventQueue-0] Found employee with id 15
2025-05-07 17:44:45,549 INFO r.MemoryEmployee [AWT-EventQueue-0] Found employee with id 16
2025-05-07 17:44:45,549 INFO r.MemoryEmployee [AWT-EventQueue-0] Found employee with id 100
2025-05-07 17:44:45,549 INFO r.MemoryEmployee [AWT-EventQueue-0] Found employee with id 1002
2025-05-07 17:44:45,549 INFO r.MemoryEmployee [AWT-EventQueue-0] Found employee with id 1003
2025-05-07 17:44:45,549 INFO r.MemoryEmployee [AWT-EventQueue-0] Found employee with id 1004
2025-05-07 17:44:45,549 INFO r.MemoryEmployee [AWT-EventQueue-0] Found employee with id 1005
2025-05-07 17:44:45,549 INFO r.MemoryEmployee [AWT-EventQueue-0] Found employee with id 1006
2025-05-07 17:44:45,549 INFO r.MemoryEmployee [AWT-EventQueue-0] Found employee with id 1007
2025-05-07 17:44:45,549 INFO r.MemoryEmployee [AWT-EventQueue-0] Closing prepared statement
2025-05-07 17:44:45,549 INFO r.MemoryEmployee [AWT-EventQueue-0] Closing prepared statement
2025-05-07 17:44:45,553 INFO r.MemoryEmployee [AWT-EventQueue-0] Closing connection to database
2025-05-07 17:44:45,553 INFO r.MemoryEmployee [AWT-EventQueue-0] Find all employees successfully
2025-05-07 17:44:46,368 INFO s.MemoryEmployeeService [AWT-EventQueue-0] Service: Retrieving all employees
2025-05-07 17:44:46,368 INFO r.MemoryEmployee [AWT-EventQueue-0] Find all employees
2025-05-07 17:44:46,373 INFO r.ConnectDB [AWT-EventQueue-0] Connected to the database
2025-05-07 17:44:46,373 INFO r.MemoryEmployee [AWT-EventQueue-0] Found employee with id 1
2025-05-07 17:44:46,373 INFO r.MemoryEmployee [AWT-EventQueue-0] Found employee with id 4
2025-05-07 17:44:46,373 INFO r.MemoryEmployee [AWT-EventQueue-0] Found employee with id 5
2025-05-07 17:44:46,373 INFO r.MemoryEmployee [AWT-EventQueue-0] Found employee with id 6
2025-05-07 17:44:46,373 INFO r.MemoryEmployee [AWT-EventQueue-0] Found employee with id 7
2025-05-07 17:44:46,373 INFO r.MemoryEmployee [AWT-EventQueue-0] Found employee with id 9
2025-05-07 17:44:46,373 INFO r.MemoryEmployee [AWT-EventQueue-0] Found employee with id 10
2025-05-07 17:44:46,373 INFO r.MemoryEmployee [AWT-EventQueue-0] Found employee with id 11
2025-05-07 17:44:46,373 INFO r.MemoryEmployee [AWT-EventQueue-0] Found employee with id 12
2025-05-07 17:44:46,373 INFO r.MemoryEmployee [AWT-EventQueue-0] Found employee with id 13
2025-05-07 17:44:46,373 INFO r.MemoryEmployee [AWT-EventQueue-0] Found employee with id 14
2025-05-07 17:44:46,373 INFO r.MemoryEmployee [AWT-EventQueue-0] Found employee with id 15
2025-05-07 17:44:46,373 INFO r.MemoryEmployee [AWT-EventQueue-0] Found employee with id 16
2025-05-07 17:44:46,373 INFO r.MemoryEmployee [AWT-EventQueue-0] Found employee with id 100
2025-05-07 17:44:46,373 INFO r.MemoryEmployee [AWT-EventQueue-0] Found employee with id 1002
2025-05-07 17:44:46,373 INFO r.MemoryEmployee [AWT-EventQueue-0] Found employee with id 1003
2025-05-07 17:44:46,373 INFO r.MemoryEmployee [AWT-EventQueue-0] Found employee with id 1004
2025-05-07 17:44:46,373 INFO r.MemoryEmployee [AWT-EventQueue-0] Found employee with id 1005
2025-05-07 17:44:46,373 INFO r.MemoryEmployee [AWT-EventQueue-0] Found employee with id 1006
2025-05-07 17:44:46,373 INFO r.MemoryEmployee [AWT-EventQueue-0] Found employee with id 1007
2025-05-07 17:44:46,373 INFO r.MemoryEmployee [AWT-EventQueue-0] Closing prepared statement
2025-05-07 17:44:46,373 INFO r.MemoryEmployee [AWT-EventQueue-0] Closing prepared statement
2025-05-07 17:44:46,382 INFO r.MemoryEmployee [AWT-EventQueue-0] Closing connection to database
2025-05-07 17:44:46,382 INFO r.MemoryEmployee [AWT-EventQueue-0] Find all employees successfully
2025-05-07 17:44:50,407 INFO s.MemoryEmployeeService [AWT-EventQueue-0] Service: Retrieving all employees
2025-05-07 17:44:50,407 INFO r.MemoryEmployee [AWT-EventQueue-0] Find all employees
2025-05-07 17:44:50,407 INFO r.ConnectDB [AWT-EventQueue-0] Connected to the database
2025-05-07 17:44:50,407 INFO r.MemoryEmployee [AWT-EventQueue-0] Found employee with id 1
2025-05-07 17:44:50,407 INFO r.MemoryEmployee [AWT-EventQueue-0] Found employee with id 4
2025-05-07 17:44:50,407 INFO r.MemoryEmployee [AWT-EventQueue-0] Found employee with id 5
2025-05-07 17:44:50,407 INFO r.MemoryEmployee [AWT-EventQueue-0] Found employee with id 6
2025-05-07 17:44:50,407 INFO r.MemoryEmployee [AWT-EventQueue-0] Found employee with id 7
2025-05-07 17:44:50,416 INFO r.MemoryEmployee [AWT-EventQueue-0] Found employee with id 9
2025-05-07 17:44:50,416 INFO r.MemoryEmployee [AWT-EventQueue-0] Found employee with id 10
2025-05-07 17:44:50,416 INFO r.MemoryEmployee [AWT-EventQueue-0] Found employee with id 11
2025-05-07 17:44:50,416 INFO r.MemoryEmployee [AWT-EventQueue-0] Found employee with id 12
2025-05-07 17:44:50,416 INFO r.MemoryEmployee [AWT-EventQueue-0] Found employee with id 13
2025-05-07 17:44:50,416 INFO r.MemoryEmployee [AWT-EventQueue-0] Found employee with id 14
2025-05-07 17:44:50,416 INFO r.MemoryEmployee [AWT-EventQueue-0] Found employee with id 15
2025-05-07 17:44:50,416 INFO r.MemoryEmployee [AWT-EventQueue-0] Found employee with id 16
2025-05-07 17:44:50,416 INFO r.MemoryEmployee [AWT-EventQueue-0] Found employee with id 100
2025-05-07 17:44:50,416 INFO r.MemoryEmployee [AWT-EventQueue-0] Found employee with id 1002
2025-05-07 17:44:50,422 INFO r.MemoryEmployee [AWT-EventQueue-0] Found employee with id 1003
2025-05-07 17:44:50,422 INFO r.MemoryEmployee [AWT-EventQueue-0] Found employee with id 1004
2025-05-07 17:44:50,423 INFO r.MemoryEmployee [AWT-EventQueue-0] Found employee with id 1005
2025-05-07 17:44:50,423 INFO r.MemoryEmployee [AWT-EventQueue-0] Found employee with id 1006
2025-05-07 17:44:50,423 INFO r.MemoryEmployee [AWT-EventQueue-0] Found employee with id 1007
2025-05-07 17:44:50,425 INFO r.MemoryEmployee [AWT-EventQueue-0] Closing prepared statement
2025-05-07 17:44:50,425 INFO r.MemoryEmployee [AWT-EventQueue-0] Closing prepared statement
2025-05-07 17:44:50,425 INFO r.MemoryEmployee [AWT-EventQueue-0] Closing connection to database
2025-05-07 17:44:50,425 INFO r.MemoryEmployee [AWT-EventQueue-0] Find all employees successfully
2025-05-07 17:44:50,425 INFO s.MemoryEmployeeService [AWT-EventQueue-0] Creating employee with id=1008 and name=asdsafas
2025-05-07 17:44:50,425 INFO r.MemoryEmployee [AWT-EventQueue-0] Find employee by id 1008
2025-05-07 17:44:50,425 INFO r.ConnectDB [AWT-EventQueue-0] Connected to the database
2025-05-07 17:44:50,435 INFO r.MemoryEmployee [AWT-EventQueue-0] Closing prepared statement
2025-05-07 17:44:50,435 INFO r.MemoryEmployee [AWT-EventQueue-0] Closing prepared statement
2025-05-07 17:44:50,437 INFO r.MemoryEmployee [AWT-EventQueue-0] Closing connection to database
2025-05-07 17:44:50,437 INFO r.MemoryEmployee [AWT-EventQueue-0] Saving employee with id 1008
2025-05-07 17:44:50,439 INFO r.ConnectDB [AWT-EventQueue-0] Connected to the database
2025-05-07 17:44:50,465 INFO r.MemoryEmployee [AWT-EventQueue-0] Employee added successfully 1008
2025-05-07 17:44:50,465 INFO r.MemoryEmployee [AWT-EventQueue-0] Closing prepared statement
2025-05-07 17:44:50,467 INFO r.MemoryEmployee [AWT-EventQueue-0] Closing connection to database
2025-05-07 17:44:50,467 INFO s.MemoryEmployeeService [AWT-EventQueue-0] Employee created successfully: Employee{id=1008, name='asdsafas'}
2025-05-07 17:44:51,671 INFO s.MemoryEmployeeService [AWT-EventQueue-0] Service: Retrieving all employees
2025-05-07 17:44:51,671 INFO r.MemoryEmployee [AWT-EventQueue-0] Find all employees
2025-05-07 17:44:51,671 INFO r.ConnectDB [AWT-EventQueue-0] Connected to the database
2025-05-07 17:44:51,671 INFO r.MemoryEmployee [AWT-EventQueue-0] Found employee with id 1
2025-05-07 17:44:51,671 INFO r.MemoryEmployee [AWT-EventQueue-0] Found employee with id 4
2025-05-07 17:44:51,671 INFO r.MemoryEmployee [AWT-EventQueue-0] Found employee with id 5
2025-05-07 17:44:51,671 INFO r.MemoryEmployee [AWT-EventQueue-0] Found employee with id 6
2025-05-07 17:44:51,671 INFO r.MemoryEmployee [AWT-EventQueue-0] Found employee with id 7
2025-05-07 17:44:51,671 INFO r.MemoryEmployee [AWT-EventQueue-0] Found employee with id 9
2025-05-07 17:44:51,671 INFO r.MemoryEmployee [AWT-EventQueue-0] Found employee with id 10
2025-05-07 17:44:51,671 INFO r.MemoryEmployee [AWT-EventQueue-0] Found employee with id 11
2025-05-07 17:44:51,676 INFO r.MemoryEmployee [AWT-EventQueue-0] Found employee with id 12
2025-05-07 17:44:51,676 INFO r.MemoryEmployee [AWT-EventQueue-0] Found employee with id 13
2025-05-07 17:44:51,676 INFO r.MemoryEmployee [AWT-EventQueue-0] Found employee with id 14
2025-05-07 17:44:51,678 INFO r.MemoryEmployee [AWT-EventQueue-0] Found employee with id 15
2025-05-07 17:44:51,678 INFO r.MemoryEmployee [AWT-EventQueue-0] Found employee with id 16
2025-05-07 17:44:51,678 INFO r.MemoryEmployee [AWT-EventQueue-0] Found employee with id 100
2025-05-07 17:44:51,678 INFO r.MemoryEmployee [AWT-EventQueue-0] Found employee with id 1002
2025-05-07 17:44:51,678 INFO r.MemoryEmployee [AWT-EventQueue-0] Found employee with id 1003
2025-05-07 17:44:51,678 INFO r.MemoryEmployee [AWT-EventQueue-0] Found employee with id 1004
2025-05-07 17:44:51,678 INFO r.MemoryEmployee [AWT-EventQueue-0] Found employee with id 1005
2025-05-07 17:44:51,683 INFO r.MemoryEmployee [AWT-EventQueue-0] Found employee with id 1006
2025-05-07 17:44:51,683 INFO r.MemoryEmployee [AWT-EventQueue-0] Found employee with id 1007
2025-05-07 17:44:51,683 INFO r.MemoryEmployee [AWT-EventQueue-0] Found employee with id 1008
2025-05-07 17:44:51,683 INFO r.MemoryEmployee [AWT-EventQueue-0] Closing prepared statement
2025-05-07 17:44:51,683 INFO r.MemoryEmployee [AWT-EventQueue-0] Closing prepared statement
2025-05-07 17:44:51,683 INFO r.MemoryEmployee [AWT-EventQueue-0] Closing connection to database
2025-05-07 17:44:51,683 INFO r.MemoryEmployee [AWT-EventQueue-0] Find all employees successfully
2025-05-07 17:44:51,718 INFO s.MemoryEmployeeService [AWT-EventQueue-0] Service: Retrieving all employees
2025-05-07 17:44:51,718 INFO r.MemoryEmployee [AWT-EventQueue-0] Find all employees
2025-05-07 17:44:51,722 INFO r.ConnectDB [AWT-EventQueue-0] Connected to the database
2025-05-07 17:44:51,724 INFO r.MemoryEmployee [AWT-EventQueue-0] Found employee with id 1
2025-05-07 17:44:51,724 INFO r.MemoryEmployee [AWT-EventQueue-0] Found employee with id 4
2025-05-07 17:44:51,724 INFO r.MemoryEmployee [AWT-EventQueue-0] Found employee with id 5
2025-05-07 17:44:51,724 INFO r.MemoryEmployee [AWT-EventQueue-0] Found employee with id 6
2025-05-07 17:44:51,724 INFO r.MemoryEmployee [AWT-EventQueue-0] Found employee with id 7
2025-05-07 17:44:51,724 INFO r.MemoryEmployee [AWT-EventQueue-0] Found employee with id 9
2025-05-07 17:44:51,724 INFO r.MemoryEmployee [AWT-EventQueue-0] Found employee with id 10
2025-05-07 17:44:51,724 INFO r.MemoryEmployee [AWT-EventQueue-0] Found employee with id 11
2025-05-07 17:44:51,724 INFO r.MemoryEmployee [AWT-EventQueue-0] Found employee with id 12
2025-05-07 17:44:51,727 INFO r.MemoryEmployee [AWT-EventQueue-0] Found employee with id 13
2025-05-07 17:44:51,727 INFO r.MemoryEmployee [AWT-EventQueue-0] Found employee with id 14
2025-05-07 17:44:51,727 INFO r.MemoryEmployee [AWT-EventQueue-0] Found employee with id 15
2025-05-07 17:44:51,727 INFO r.MemoryEmployee [AWT-EventQueue-0] Found employee with id 16
2025-05-07 17:44:51,727 INFO r.MemoryEmployee [AWT-EventQueue-0] Found employee with id 100
2025-05-07 17:44:51,727 INFO r.MemoryEmployee [AWT-EventQueue-0] Found employee with id 1002
2025-05-07 17:44:51,727 INFO r.MemoryEmployee [AWT-EventQueue-0] Found employee with id 1003
2025-05-07 17:44:51,727 INFO r.MemoryEmployee [AWT-EventQueue-0] Found employee with id 1004
2025-05-07 17:44:51,727 INFO r.MemoryEmployee [AWT-EventQueue-0] Found employee with id 1005
2025-05-07 17:44:51,727 INFO r.MemoryEmployee [AWT-EventQueue-0] Found employee with id 1006
2025-05-07 17:44:51,727 INFO r.MemoryEmployee [AWT-EventQueue-0] Found employee with id 1007
2025-05-07 17:44:51,727 INFO r.MemoryEmployee [AWT-EventQueue-0] Found employee with id 1008
2025-05-07 17:44:51,727 INFO r.MemoryEmployee [AWT-EventQueue-0] Closing prepared statement
2025-05-07 17:44:51,727 INFO r.MemoryEmployee [AWT-EventQueue-0] Closing prepared statement
2025-05-07 17:44:51,727 INFO r.MemoryEmployee [AWT-EventQueue-0] Closing connection to database
2025-05-07 17:44:51,727 INFO r.MemoryEmployee [AWT-EventQueue-0] Find all employees successfully
2025-05-07 17:44:52,853 INFO s.MemoryEmployeeService [AWT-EventQueue-0] Service: Retrieving all employees
2025-05-07 17:44:52,853 INFO r.MemoryEmployee [AWT-EventQueue-0] Find all employees
2025-05-07 17:44:52,860 INFO r.ConnectDB [AWT-EventQueue-0] Connected to the database
2025-05-07 17:44:52,860 INFO r.MemoryEmployee [AWT-EventQueue-0] Found employee with id 1
2025-05-07 17:44:52,860 INFO r.MemoryEmployee [AWT-EventQueue-0] Found employee with id 4
2025-05-07 17:44:52,862 INFO r.MemoryEmployee [AWT-EventQueue-0] Found employee with id 5
2025-05-07 17:44:52,862 INFO r.MemoryEmployee [AWT-EventQueue-0] Found employee with id 6
2025-05-07 17:44:52,862 INFO r.MemoryEmployee [AWT-EventQueue-0] Found employee with id 7
2025-05-07 17:44:52,862 INFO r.MemoryEmployee [AWT-EventQueue-0] Found employee with id 9
2025-05-07 17:44:52,862 INFO r.MemoryEmployee [AWT-EventQueue-0] Found employee with id 10
2025-05-07 17:44:52,862 INFO r.MemoryEmployee [AWT-EventQueue-0] Found employee with id 11
2025-05-07 17:44:52,862 INFO r.MemoryEmployee [AWT-EventQueue-0] Found employee with id 12
2025-05-07 17:44:52,862 INFO r.MemoryEmployee [AWT-EventQueue-0] Found employee with id 13
2025-05-07 17:44:52,862 INFO r.MemoryEmployee [AWT-EventQueue-0] Found employee with id 14
2025-05-07 17:44:52,862 INFO r.MemoryEmployee [AWT-EventQueue-0] Found employee with id 15
2025-05-07 17:44:52,862 INFO r.MemoryEmployee [AWT-EventQueue-0] Found employee with id 16
2025-05-07 17:44:52,862 INFO r.MemoryEmployee [AWT-EventQueue-0] Found employee with id 100
2025-05-07 17:44:52,862 INFO r.MemoryEmployee [AWT-EventQueue-0] Found employee with id 1002
2025-05-07 17:44:52,862 INFO r.MemoryEmployee [AWT-EventQueue-0] Found employee with id 1003
2025-05-07 17:44:52,862 INFO r.MemoryEmployee [AWT-EventQueue-0] Found employee with id 1004
2025-05-07 17:44:52,862 INFO r.MemoryEmployee [AWT-EventQueue-0] Found employee with id 1005
2025-05-07 17:44:52,862 INFO r.MemoryEmployee [AWT-EventQueue-0] Found employee with id 1006
2025-05-07 17:44:52,862 INFO r.MemoryEmployee [AWT-EventQueue-0] Found employee with id 1007
2025-05-07 17:44:52,862 INFO r.MemoryEmployee [AWT-EventQueue-0] Found employee with id 1008
2025-05-07 17:44:52,862 INFO r.MemoryEmployee [AWT-EventQueue-0] Closing prepared statement
2025-05-07 17:44:52,862 INFO r.MemoryEmployee [AWT-EventQueue-0] Closing prepared statement
2025-05-07 17:44:52,862 INFO r.MemoryEmployee [AWT-EventQueue-0] Closing connection to database
2025-05-07 17:44:52,862 INFO r.MemoryEmployee [AWT-EventQueue-0] Find all employees successfully
2025-05-07 17:44:56,443 INFO s.MemoryEmployeeService [AWT-EventQueue-0] Service: Retrieving all employees
2025-05-07 17:44:56,443 INFO r.MemoryEmployee [AWT-EventQueue-0] Find all employees
2025-05-07 17:44:56,447 INFO r.ConnectDB [AWT-EventQueue-0] Connected to the database
2025-05-07 17:44:56,449 INFO r.MemoryEmployee [AWT-EventQueue-0] Found employee with id 1
2025-05-07 17:44:56,451 INFO r.MemoryEmployee [AWT-EventQueue-0] Found employee with id 4
2025-05-07 17:44:56,451 INFO r.MemoryEmployee [AWT-EventQueue-0] Found employee with id 5
2025-05-07 17:44:56,453 INFO r.MemoryEmployee [AWT-EventQueue-0] Found employee with id 6
2025-05-07 17:44:56,455 INFO r.MemoryEmployee [AWT-EventQueue-0] Found employee with id 7
2025-05-07 17:44:56,455 INFO r.MemoryEmployee [AWT-EventQueue-0] Found employee with id 9
2025-05-07 17:44:56,457 INFO r.MemoryEmployee [AWT-EventQueue-0] Found employee with id 10
2025-05-07 17:44:56,457 INFO r.MemoryEmployee [AWT-EventQueue-0] Found employee with id 11
2025-05-07 17:44:56,459 INFO r.MemoryEmployee [AWT-EventQueue-0] Found employee with id 12
2025-05-07 17:44:56,459 INFO r.MemoryEmployee [AWT-EventQueue-0] Found employee with id 13
2025-05-07 17:44:56,461 INFO r.MemoryEmployee [AWT-EventQueue-0] Found employee with id 14
2025-05-07 17:44:56,461 INFO r.MemoryEmployee [AWT-EventQueue-0] Found employee with id 15
2025-05-07 17:44:56,461 INFO r.MemoryEmployee [AWT-EventQueue-0] Found employee with id 16
2025-05-07 17:44:56,461 INFO r.MemoryEmployee [AWT-EventQueue-0] Found employee with id 100
2025-05-07 17:44:56,463 INFO r.MemoryEmployee [AWT-EventQueue-0] Found employee with id 1002
2025-05-07 17:44:56,463 INFO r.MemoryEmployee [AWT-EventQueue-0] Found employee with id 1003
2025-05-07 17:44:56,463 INFO r.MemoryEmployee [AWT-EventQueue-0] Found employee with id 1004
2025-05-07 17:44:56,463 INFO r.MemoryEmployee [AWT-EventQueue-0] Found employee with id 1005
2025-05-07 17:44:56,463 INFO r.MemoryEmployee [AWT-EventQueue-0] Found employee with id 1006
2025-05-07 17:44:56,463 INFO r.MemoryEmployee [AWT-EventQueue-0] Found employee with id 1007
2025-05-07 17:44:56,463 INFO r.MemoryEmployee [AWT-EventQueue-0] Found employee with id 1008
2025-05-07 17:44:56,463 INFO r.MemoryEmployee [AWT-EventQueue-0] Closing prepared statement
2025-05-07 17:44:56,463 INFO r.MemoryEmployee [AWT-EventQueue-0] Closing prepared statement
2025-05-07 17:44:56,463 INFO r.MemoryEmployee [AWT-EventQueue-0] Closing connection to database
2025-05-07 17:44:56,465 INFO r.MemoryEmployee [AWT-EventQueue-0] Find all employees successfully
2025-05-07 17:44:58,025 INFO s.MemoryEmployeeService [AWT-EventQueue-0] Service: Retrieving all employees
2025-05-07 17:44:58,025 INFO r.MemoryEmployee [AWT-EventQueue-0] Find all employees
2025-05-07 17:44:58,030 INFO r.ConnectDB [AWT-EventQueue-0] Connected to the database
2025-05-07 17:44:58,030 INFO r.MemoryEmployee [AWT-EventQueue-0] Found employee with id 1
2025-05-07 17:44:58,030 INFO r.MemoryEmployee [AWT-EventQueue-0] Found employee with id 4
2025-05-07 17:44:58,032 INFO r.MemoryEmployee [AWT-EventQueue-0] Found employee with id 5
2025-05-07 17:44:58,032 INFO r.MemoryEmployee [AWT-EventQueue-0] Found employee with id 6
2025-05-07 17:44:58,032 INFO r.MemoryEmployee [AWT-EventQueue-0] Found employee with id 7
2025-05-07 17:44:58,032 INFO r.MemoryEmployee [AWT-EventQueue-0] Found employee with id 9
2025-05-07 17:44:58,032 INFO r.MemoryEmployee [AWT-EventQueue-0] Found employee with id 10
2025-05-07 17:44:58,032 INFO r.MemoryEmployee [AWT-EventQueue-0] Found employee with id 11
2025-05-07 17:44:58,032 INFO r.MemoryEmployee [AWT-EventQueue-0] Found employee with id 12
2025-05-07 17:44:58,032 INFO r.MemoryEmployee [AWT-EventQueue-0] Found employee with id 13
2025-05-07 17:44:58,032 INFO r.MemoryEmployee [AWT-EventQueue-0] Found employee with id 14
2025-05-07 17:44:58,032 INFO r.MemoryEmployee [AWT-EventQueue-0] Found employee with id 15
2025-05-07 17:44:58,032 INFO r.MemoryEmployee [AWT-EventQueue-0] Found employee with id 16
2025-05-07 17:44:58,032 INFO r.MemoryEmployee [AWT-EventQueue-0] Found employee with id 100
2025-05-07 17:44:58,032 INFO r.MemoryEmployee [AWT-EventQueue-0] Found employee with id 1002
2025-05-07 17:44:58,032 INFO r.MemoryEmployee [AWT-EventQueue-0] Found employee with id 1003
2025-05-07 17:44:58,032 INFO r.MemoryEmployee [AWT-EventQueue-0] Found employee with id 1004
2025-05-07 17:44:58,032 INFO r.MemoryEmployee [AWT-EventQueue-0] Found employee with id 1005
2025-05-07 17:44:58,032 INFO r.MemoryEmployee [AWT-EventQueue-0] Found employee with id 1006
2025-05-07 17:44:58,039 INFO r.MemoryEmployee [AWT-EventQueue-0] Found employee with id 1007
2025-05-07 17:44:58,039 INFO r.MemoryEmployee [AWT-EventQueue-0] Found employee with id 1008
2025-05-07 17:44:58,039 INFO r.MemoryEmployee [AWT-EventQueue-0] Closing prepared statement
2025-05-07 17:44:58,039 INFO r.MemoryEmployee [AWT-EventQueue-0] Closing prepared statement
2025-05-07 17:44:58,039 INFO r.MemoryEmployee [AWT-EventQueue-0] Closing connection to database
2025-05-07 17:44:58,039 INFO r.MemoryEmployee [AWT-EventQueue-0] Find all employees successfully
2025-05-07 17:45:01,449 INFO s.MemoryEmployeeService [AWT-EventQueue-0] Service: Retrieving all employees
2025-05-07 17:45:01,449 INFO r.MemoryEmployee [AWT-EventQueue-0] Find all employees
2025-05-07 17:45:01,455 INFO r.ConnectDB [AWT-EventQueue-0] Connected to the database
2025-05-07 17:45:01,457 INFO r.MemoryEmployee [AWT-EventQueue-0] Found employee with id 1
2025-05-07 17:45:01,457 INFO r.MemoryEmployee [AWT-EventQueue-0] Found employee with id 4
2025-05-07 17:45:01,459 INFO r.MemoryEmployee [AWT-EventQueue-0] Found employee with id 5
2025-05-07 17:45:01,459 INFO r.MemoryEmployee [AWT-EventQueue-0] Found employee with id 6
2025-05-07 17:45:01,459 INFO r.MemoryEmployee [AWT-EventQueue-0] Found employee with id 7
2025-05-07 17:45:01,459 INFO r.MemoryEmployee [AWT-EventQueue-0] Found employee with id 9
2025-05-07 17:45:01,459 INFO r.MemoryEmployee [AWT-EventQueue-0] Found employee with id 10
2025-05-07 17:45:01,459 INFO r.MemoryEmployee [AWT-EventQueue-0] Found employee with id 11
2025-05-07 17:45:01,459 INFO r.MemoryEmployee [AWT-EventQueue-0] Found employee with id 12
2025-05-07 17:45:01,459 INFO r.MemoryEmployee [AWT-EventQueue-0] Found employee with id 13
2025-05-07 17:45:01,461 INFO r.MemoryEmployee [AWT-EventQueue-0] Found employee with id 14
2025-05-07 17:45:01,461 INFO r.MemoryEmployee [AWT-EventQueue-0] Found employee with id 15
2025-05-07 17:45:01,461 INFO r.MemoryEmployee [AWT-EventQueue-0] Found employee with id 16
2025-05-07 17:45:01,461 INFO r.MemoryEmployee [AWT-EventQueue-0] Found employee with id 100
2025-05-07 17:45:01,461 INFO r.MemoryEmployee [AWT-EventQueue-0] Found employee with id 1002
2025-05-07 17:45:01,461 INFO r.MemoryEmployee [AWT-EventQueue-0] Found employee with id 1003
2025-05-07 17:45:01,461 INFO r.MemoryEmployee [AWT-EventQueue-0] Found employee with id 1004
2025-05-07 17:45:01,461 INFO r.MemoryEmployee [AWT-EventQueue-0] Found employee with id 1005
2025-05-07 17:45:01,461 INFO r.MemoryEmployee [AWT-EventQueue-0] Found employee with id 1006
2025-05-07 17:45:01,461 INFO r.MemoryEmployee [AWT-EventQueue-0] Found employee with id 1007
2025-05-07 17:45:01,461 INFO r.MemoryEmployee [AWT-EventQueue-0] Found employee with id 1008
2025-05-07 17:45:01,461 INFO r.MemoryEmployee [AWT-EventQueue-0] Closing prepared statement
2025-05-07 17:45:01,463 INFO r.MemoryEmployee [AWT-EventQueue-0] Closing prepared statement
2025-05-07 17:45:01,463 INFO r.MemoryEmployee [AWT-EventQueue-0] Closing connection to database
2025-05-07 17:45:01,463 INFO r.MemoryEmployee [AWT-EventQueue-0] Find all employees successfully
2025-05-07 17:45:02,688 INFO s.MemoryEmployeeService [AWT-EventQueue-0] Service: Retrieving all employees
2025-05-07 17:45:02,688 INFO r.MemoryEmployee [AWT-EventQueue-0] Find all employees
2025-05-07 17:45:02,696 INFO r.ConnectDB [AWT-EventQueue-0] Connected to the database
2025-05-07 17:45:02,700 INFO r.MemoryEmployee [AWT-EventQueue-0] Found employee with id 1
2025-05-07 17:45:02,700 INFO r.MemoryEmployee [AWT-EventQueue-0] Found employee with id 4
2025-05-07 17:45:02,702 INFO r.MemoryEmployee [AWT-EventQueue-0] Found employee with id 5
2025-05-07 17:45:02,702 INFO r.MemoryEmployee [AWT-EventQueue-0] Found employee with id 6
2025-05-07 17:45:02,704 INFO r.MemoryEmployee [AWT-EventQueue-0] Found employee with id 7
2025-05-07 17:45:02,704 INFO r.MemoryEmployee [AWT-EventQueue-0] Found employee with id 9
2025-05-07 17:45:02,704 INFO r.MemoryEmployee [AWT-EventQueue-0] Found employee with id 10
2025-05-07 17:45:02,704 INFO r.MemoryEmployee [AWT-EventQueue-0] Found employee with id 11
2025-05-07 17:45:02,704 INFO r.MemoryEmployee [AWT-EventQueue-0] Found employee with id 12
2025-05-07 17:45:02,704 INFO r.MemoryEmployee [AWT-EventQueue-0] Found employee with id 13
2025-05-07 17:45:02,704 INFO r.MemoryEmployee [AWT-EventQueue-0] Found employee with id 14
2025-05-07 17:45:02,704 INFO r.MemoryEmployee [AWT-EventQueue-0] Found employee with id 15
2025-05-07 17:45:02,704 INFO r.MemoryEmployee [AWT-EventQueue-0] Found employee with id 16
2025-05-07 17:45:02,704 INFO r.MemoryEmployee [AWT-EventQueue-0] Found employee with id 100
2025-05-07 17:45:02,704 INFO r.MemoryEmployee [AWT-EventQueue-0] Found employee with id 1002
2025-05-07 17:45:02,704 INFO r.MemoryEmployee [AWT-EventQueue-0] Found employee with id 1003
2025-05-07 17:45:02,704 INFO r.MemoryEmployee [AWT-EventQueue-0] Found employee with id 1004
2025-05-07 17:45:02,704 INFO r.MemoryEmployee [AWT-EventQueue-0] Found employee with id 1005
2025-05-07 17:45:02,715 INFO r.MemoryEmployee [AWT-EventQueue-0] Found employee with id 1006
2025-05-07 17:45:02,715 INFO r.MemoryEmployee [AWT-EventQueue-0] Found employee with id 1007
2025-05-07 17:45:02,717 INFO r.MemoryEmployee [AWT-EventQueue-0] Found employee with id 1008
2025-05-07 17:45:02,718 INFO r.MemoryEmployee [AWT-EventQueue-0] Closing prepared statement
2025-05-07 17:45:02,718 INFO r.MemoryEmployee [AWT-EventQueue-0] Closing prepared statement
2025-05-07 17:45:02,718 INFO r.MemoryEmployee [AWT-EventQueue-0] Closing connection to database
2025-05-07 17:45:02,718 INFO r.MemoryEmployee [AWT-EventQueue-0] Find all employees successfully
